2025-11-12 16:26:25,392 - config - INFO - Канал для отчетов настроен: -1003105920797
2025-11-12 16:26:25,401 - database - INFO - Таблицы БД созданы успешно
/Users/tim_not/isp_telegram_bot/handlers/connection.py:1096: PTBUserWarning: If 'per_message=False', 'CallbackQueryHandler' will not be tracked for every message. Read this FAQ entry to learn more about the per_* settings: https://github.com/python-telegram-bot/python-telegram-bot/wiki/Frequently-Asked-Questions#what-do-the-per_-settings-in-conversationhandler-do.
  connection_conv = ConversationHandler(
2025-11-12 16:26:25,476 - database - INFO - Таблицы БД созданы успешно
/Users/tim_not/isp_telegram_bot/bot.py:136: PTBUserWarning: If 'per_message=False', 'CallbackQueryHandler' will not be tracked for every message. Read this FAQ entry to learn more about the per_* settings: https://github.com/python-telegram-bot/python-telegram-bot/wiki/Frequently-Asked-Questions#what-do-the-per_-settings-in-conversationhandler-do.
  report_conv = ConversationHandler(
/Users/tim_not/isp_telegram_bot/bot.py:152: PTBUserWarning: If 'per_message=False', 'CallbackQueryHandler' will not be tracked for every message. Read this FAQ entry to learn more about the per_* settings: https://github.com/python-telegram-bot/python-telegram-bot/wiki/Frequently-Asked-Questions#what-do-the-per_-settings-in-conversationhandler-do.
  manage_conv = ConversationHandler(
2025-11-12 16:26:25,518 - config - INFO - 🚀 Бот запущен!
2025-11-12 16:26:25,785 - httpx - INFO - HTTP Request: POST https://api.telegram.org/bot8256938264:AAEWUXcLyTUTpQp8h2o1-aGCDvxyBewBPzs/getMe "HTTP/1.1 200 OK"
2025-11-12 16:26:25,867 - httpx - INFO - HTTP Request: POST https://api.telegram.org/bot8256938264:AAEWUXcLyTUTpQp8h2o1-aGCDvxyBewBPzs/deleteWebhook "HTTP/1.1 200 OK"
2025-11-12 16:26:25,869 - telegram.ext.Application - INFO - Application started
2025-11-12 16:26:36,143 - httpx - INFO - HTTP Request: POST https://api.telegram.org/bot8256938264:AAEWUXcLyTUTpQp8h2o1-aGCDvxyBewBPzs/getUpdates "HTTP/1.1 200 OK"
2025-11-12 16:26:45,393 - httpx - INFO - HTTP Request: POST https://api.telegram.org/bot8256938264:AAEWUXcLyTUTpQp8h2o1-aGCDvxyBewBPzs/getUpdates "HTTP/1.1 200 OK"
2025-11-12 16:26:45,851 - httpx - INFO - HTTP Request: POST https://api.telegram.org/bot8256938264:AAEWUXcLyTUTpQp8h2o1-aGCDvxyBewBPzs/sendMessage "HTTP/1.1 200 OK"
2025-11-12 16:26:47,989 - httpx - INFO - HTTP Request: POST https://api.telegram.org/bot8256938264:AAEWUXcLyTUTpQp8h2o1-aGCDvxyBewBPzs/getUpdates "HTTP/1.1 200 OK"
2025-11-12 16:26:48,080 - httpx - INFO - HTTP Request: POST https://api.telegram.org/bot8256938264:AAEWUXcLyTUTpQp8h2o1-aGCDvxyBewBPzs/answerCallbackQuery "HTTP/1.1 200 OK"
2025-11-12 16:26:48,214 - httpx - INFO - HTTP Request: POST https://api.telegram.org/bot8256938264:AAEWUXcLyTUTpQp8h2o1-aGCDvxyBewBPzs/editMessageText "HTTP/1.1 200 OK"
2025-11-12 16:26:58,073 - httpx - INFO - HTTP Request: POST https://api.telegram.org/bot8256938264:AAEWUXcLyTUTpQp8h2o1-aGCDvxyBewBPzs/getUpdates "HTTP/1.1 200 OK"
2025-11-12 16:27:08,117 - httpx - INFO - HTTP Request: POST https://api.telegram.org/bot8256938264:AAEWUXcLyTUTpQp8h2o1-aGCDvxyBewBPzs/getUpdates "HTTP/1.1 200 OK"
2025-11-12 16:27:08,430 - httpx - INFO - HTTP Request: POST https://api.telegram.org/bot8256938264:AAEWUXcLyTUTpQp8h2o1-aGCDvxyBewBPzs/sendMessage "HTTP/1.1 200 OK"
2025-11-12 16:27:08,530 - httpx - INFO - HTTP Request: POST https://api.telegram.org/bot8256938264:AAEWUXcLyTUTpQp8h2o1-aGCDvxyBewBPzs/editMessageText "HTTP/1.1 200 OK"
2025-11-12 16:27:08,633 - httpx - INFO - HTTP Request: POST https://api.telegram.org/bot8256938264:AAEWUXcLyTUTpQp8h2o1-aGCDvxyBewBPzs/editMessageText "HTTP/1.1 200 OK"
2025-11-12 16:27:09,670 - httpx - INFO - HTTP Request: POST https://api.telegram.org/bot8256938264:AAEWUXcLyTUTpQp8h2o1-aGCDvxyBewBPzs/getUpdates "HTTP/1.1 200 OK"
2025-11-12 16:27:09,768 - httpx - INFO - HTTP Request: POST https://api.telegram.org/bot8256938264:AAEWUXcLyTUTpQp8h2o1-aGCDvxyBewBPzs/answerCallbackQuery "HTTP/1.1 200 OK"
2025-11-12 16:27:09,867 - httpx - INFO - HTTP Request: POST https://api.telegram.org/bot8256938264:AAEWUXcLyTUTpQp8h2o1-aGCDvxyBewBPzs/editMessageText "HTTP/1.1 200 OK"
2025-11-12 16:27:09,978 - httpx - INFO - HTTP Request: POST https://api.telegram.org/bot8256938264:AAEWUXcLyTUTpQp8h2o1-aGCDvxyBewBPzs/sendMessage "HTTP/1.1 200 OK"
2025-11-12 16:27:14,564 - httpx - INFO - HTTP Request: POST https://api.telegram.org/bot8256938264:AAEWUXcLyTUTpQp8h2o1-aGCDvxyBewBPzs/getUpdates "HTTP/1.1 200 OK"
2025-11-12 16:27:14,565 - database - INFO - Таблицы БД созданы успешно
2025-11-12 16:27:14,670 - httpx - INFO - HTTP Request: POST https://api.telegram.org/bot8256938264:AAEWUXcLyTUTpQp8h2o1-aGCDvxyBewBPzs/sendMessage "HTTP/1.1 200 OK"
2025-11-12 16:27:16,421 - httpx - INFO - HTTP Request: POST https://api.telegram.org/bot8256938264:AAEWUXcLyTUTpQp8h2o1-aGCDvxyBewBPzs/getUpdates "HTTP/1.1 200 OK"
2025-11-12 16:27:16,519 - httpx - INFO - HTTP Request: POST https://api.telegram.org/bot8256938264:AAEWUXcLyTUTpQp8h2o1-aGCDvxyBewBPzs/answerCallbackQuery "HTTP/1.1 200 OK"
2025-11-12 16:27:16,633 - httpx - INFO - HTTP Request: POST https://api.telegram.org/bot8256938264:AAEWUXcLyTUTpQp8h2o1-aGCDvxyBewBPzs/editMessageText "HTTP/1.1 200 OK"
2025-11-12 16:27:16,744 - httpx - INFO - HTTP Request: POST https://api.telegram.org/bot8256938264:AAEWUXcLyTUTpQp8h2o1-aGCDvxyBewBPzs/sendMessage "HTTP/1.1 200 OK"
2025-11-12 16:27:17,898 - httpx - INFO - HTTP Request: POST https://api.telegram.org/bot8256938264:AAEWUXcLyTUTpQp8h2o1-aGCDvxyBewBPzs/getUpdates "HTTP/1.1 200 OK"
2025-11-12 16:27:18,076 - httpx - INFO - HTTP Request: POST https://api.telegram.org/bot8256938264:AAEWUXcLyTUTpQp8h2o1-aGCDvxyBewBPzs/sendMessage "HTTP/1.1 200 OK"
2025-11-12 16:27:18,315 - httpx - INFO - HTTP Request: POST https://api.telegram.org/bot8256938264:AAEWUXcLyTUTpQp8h2o1-aGCDvxyBewBPzs/sendMessage "HTTP/1.1 200 OK"
2025-11-12 16:27:23,978 - httpx - INFO - HTTP Request: POST https://api.telegram.org/bot8256938264:AAEWUXcLyTUTpQp8h2o1-aGCDvxyBewBPzs/getUpdates "HTTP/1.1 200 OK"
2025-11-12 16:27:24,285 - httpx - INFO - HTTP Request: POST https://api.telegram.org/bot8256938264:AAEWUXcLyTUTpQp8h2o1-aGCDvxyBewBPzs/answerCallbackQuery "HTTP/1.1 200 OK"
2025-11-12 16:27:24,392 - httpx - INFO - HTTP Request: POST https://api.telegram.org/bot8256938264:AAEWUXcLyTUTpQp8h2o1-aGCDvxyBewBPzs/editMessageText "HTTP/1.1 200 OK"
2025-11-12 16:27:24,500 - httpx - INFO - HTTP Request: POST https://api.telegram.org/bot8256938264:AAEWUXcLyTUTpQp8h2o1-aGCDvxyBewBPzs/sendMessage "HTTP/1.1 200 OK"
2025-11-12 16:27:29,185 - httpx - INFO - HTTP Request: POST https://api.telegram.org/bot8256938264:AAEWUXcLyTUTpQp8h2o1-aGCDvxyBewBPzs/getUpdates "HTTP/1.1 200 OK"
2025-11-12 16:27:29,336 - httpx - INFO - HTTP Request: POST https://api.telegram.org/bot8256938264:AAEWUXcLyTUTpQp8h2o1-aGCDvxyBewBPzs/answerCallbackQuery "HTTP/1.1 200 OK"
2025-11-12 16:27:29,501 - httpx - INFO - HTTP Request: POST https://api.telegram.org/bot8256938264:AAEWUXcLyTUTpQp8h2o1-aGCDvxyBewBPzs/editMessageText "HTTP/1.1 200 OK"
2025-11-12 16:27:29,677 - httpx - INFO - HTTP Request: POST https://api.telegram.org/bot8256938264:AAEWUXcLyTUTpQp8h2o1-aGCDvxyBewBPzs/sendMessage "HTTP/1.1 200 OK"
2025-11-12 16:27:31,682 - httpx - INFO - HTTP Request: POST https://api.telegram.org/bot8256938264:AAEWUXcLyTUTpQp8h2o1-aGCDvxyBewBPzs/getUpdates "HTTP/1.1 200 OK"
2025-11-12 16:27:32,008 - httpx - INFO - HTTP Request: POST https://api.telegram.org/bot8256938264:AAEWUXcLyTUTpQp8h2o1-aGCDvxyBewBPzs/sendMessage "HTTP/1.1 200 OK"
2025-11-12 16:27:33,610 - httpx - INFO - HTTP Request: POST https://api.telegram.org/bot8256938264:AAEWUXcLyTUTpQp8h2o1-aGCDvxyBewBPzs/getUpdates "HTTP/1.1 200 OK"
2025-11-12 16:27:33,722 - httpx - INFO - HTTP Request: POST https://api.telegram.org/bot8256938264:AAEWUXcLyTUTpQp8h2o1-aGCDvxyBewBPzs/sendMessage "HTTP/1.1 200 OK"
2025-11-12 16:27:33,821 - httpx - INFO - HTTP Request: POST https://api.telegram.org/bot8256938264:AAEWUXcLyTUTpQp8h2o1-aGCDvxyBewBPzs/sendMessage "HTTP/1.1 200 OK"
2025-11-12 16:27:34,938 - httpx - INFO - HTTP Request: POST https://api.telegram.org/bot8256938264:AAEWUXcLyTUTpQp8h2o1-aGCDvxyBewBPzs/getUpdates "HTTP/1.1 200 OK"
2025-11-12 16:27:35,116 - httpx - INFO - HTTP Request: POST https://api.telegram.org/bot8256938264:AAEWUXcLyTUTpQp8h2o1-aGCDvxyBewBPzs/answerCallbackQuery "HTTP/1.1 200 OK"
2025-11-12 16:27:35,120 - database - INFO - Таблицы БД созданы успешно
2025-11-12 16:27:35,337 - httpx - INFO - HTTP Request: POST https://api.telegram.org/bot8256938264:AAEWUXcLyTUTpQp8h2o1-aGCDvxyBewBPzs/editMessageText "HTTP/1.1 200 OK"
2025-11-12 16:27:35,534 - httpx - INFO - HTTP Request: POST https://api.telegram.org/bot8256938264:AAEWUXcLyTUTpQp8h2o1-aGCDvxyBewBPzs/sendMessage "HTTP/1.1 200 OK"
2025-11-12 16:27:36,475 - httpx - INFO - HTTP Request: POST https://api.telegram.org/bot8256938264:AAEWUXcLyTUTpQp8h2o1-aGCDvxyBewBPzs/getUpdates "HTTP/1.1 200 OK"
2025-11-12 16:27:36,647 - httpx - INFO - HTTP Request: POST https://api.telegram.org/bot8256938264:AAEWUXcLyTUTpQp8h2o1-aGCDvxyBewBPzs/answerCallbackQuery "HTTP/1.1 200 OK"
2025-11-12 16:27:36,654 - database - INFO - Таблицы БД созданы успешно
2025-11-12 16:27:36,779 - httpx - INFO - HTTP Request: POST https://api.telegram.org/bot8256938264:AAEWUXcLyTUTpQp8h2o1-aGCDvxyBewBPzs/editMessageReplyMarkup "HTTP/1.1 200 OK"
2025-11-12 16:27:37,784 - httpx - INFO - HTTP Request: POST https://api.telegram.org/bot8256938264:AAEWUXcLyTUTpQp8h2o1-aGCDvxyBewBPzs/getUpdates "HTTP/1.1 200 OK"
2025-11-12 16:27:38,002 - httpx - INFO - HTTP Request: POST https://api.telegram.org/bot8256938264:AAEWUXcLyTUTpQp8h2o1-aGCDvxyBewBPzs/answerCallbackQuery "HTTP/1.1 200 OK"
2025-11-12 16:27:38,008 - database - INFO - Таблицы БД созданы успешно
2025-11-12 16:27:38,185 - httpx - INFO - HTTP Request: POST https://api.telegram.org/bot8256938264:AAEWUXcLyTUTpQp8h2o1-aGCDvxyBewBPzs/editMessageText "HTTP/1.1 200 OK"
2025-11-12 16:27:44,566 - httpx - INFO - HTTP Request: POST https://api.telegram.org/bot8256938264:AAEWUXcLyTUTpQp8h2o1-aGCDvxyBewBPzs/getUpdates "HTTP/1.1 200 OK"
2025-11-12 16:27:44,847 - httpx - INFO - HTTP Request: POST https://api.telegram.org/bot8256938264:AAEWUXcLyTUTpQp8h2o1-aGCDvxyBewBPzs/answerCallbackQuery "HTTP/1.1 200 OK"
2025-11-12 16:27:44,851 - database - INFO - Таблицы БД созданы успешно
2025-11-12 16:27:44,866 - database - INFO - Logged movement: deduct 100.0 fiber for employee 1
2025-11-12 16:27:44,868 - database - INFO - Logged movement: deduct 25.0 twisted_pair for employee 1
2025-11-12 16:27:44,868 - database - INFO - Списано материалов у сотрудника ID 1: ВОЛС -100.0м, Витая пара -25.0м
2025-11-12 16:27:44,868 - database - INFO - Списано у сотрудника ID 1: ВОЛС -100.0м, Витая пара -25.0м (полная сумма)
2025-11-12 16:27:44,871 - database - INFO - Создано подключение ID: 35, материалы списаны
2025-11-12 16:27:44,872 - database - INFO - Списаны все роутеры 'Keenetik Racer' у сотрудника ID 1
2025-11-12 16:27:44,873 - database - INFO - Logged movement: deduct 1 router for employee 1
2025-11-12 16:27:44,873 - config - INFO - Роутер 'Keenetik Racer' x1 списан с сотрудника ID 1
2025-11-12 16:27:45,034 - httpx - INFO - HTTP Request: POST https://api.telegram.org/bot8256938264:AAEWUXcLyTUTpQp8h2o1-aGCDvxyBewBPzs/editMessageText "HTTP/1.1 200 OK"
2025-11-12 16:27:45,271 - httpx - INFO - HTTP Request: POST https://api.telegram.org/bot8256938264:AAEWUXcLyTUTpQp8h2o1-aGCDvxyBewBPzs/sendMediaGroup "HTTP/1.1 200 OK"
2025-11-12 16:27:45,274 - utils.helpers - INFO - Отправлен отчет #35 пользователю с 3 фото
2025-11-12 16:27:45,602 - httpx - INFO - HTTP Request: POST https://api.telegram.org/bot8256938264:AAEWUXcLyTUTpQp8h2o1-aGCDvxyBewBPzs/sendMediaGroup "HTTP/1.1 200 OK"
2025-11-12 16:27:45,605 - utils.helpers - INFO - Отчет #35 отправлен в канал с 3 фото
2025-11-12 16:27:45,780 - httpx - INFO - HTTP Request: POST https://api.telegram.org/bot8256938264:AAEWUXcLyTUTpQp8h2o1-aGCDvxyBewBPzs/sendMessage "HTTP/1.1 200 OK"
2025-11-12 16:27:54,770 - httpx - INFO - HTTP Request: POST https://api.telegram.org/bot8256938264:AAEWUXcLyTUTpQp8h2o1-aGCDvxyBewBPzs/getUpdates "HTTP/1.1 200 OK"
2025-11-12 16:28:04,870 - httpx - INFO - HTTP Request: POST https://api.telegram.org/bot8256938264:AAEWUXcLyTUTpQp8h2o1-aGCDvxyBewBPzs/getUpdates "HTTP/1.1 200 OK"
2025-11-12 16:28:14,979 - httpx - INFO - HTTP Request: POST https://api.telegram.org/bot8256938264:AAEWUXcLyTUTpQp8h2o1-aGCDvxyBewBPzs/getUpdates "HTTP/1.1 200 OK"
2025-11-12 16:28:25,064 - httpx - INFO - HTTP Request: POST https://api.telegram.org/bot8256938264:AAEWUXcLyTUTpQp8h2o1-aGCDvxyBewBPzs/getUpdates "HTTP/1.1 200 OK"
2025-11-12 16:28:35,146 - httpx - INFO - HTTP Request: POST https://api.telegram.org/bot8256938264:AAEWUXcLyTUTpQp8h2o1-aGCDvxyBewBPzs/getUpdates "HTTP/1.1 200 OK"
2025-11-12 16:28:45,253 - httpx - INFO - HTTP Request: POST https://api.telegram.org/bot8256938264:AAEWUXcLyTUTpQp8h2o1-aGCDvxyBewBPzs/getUpdates "HTTP/1.1 200 OK"
2025-11-12 16:28:55,336 - httpx - INFO - HTTP Request: POST https://api.telegram.org/bot8256938264:AAEWUXcLyTUTpQp8h2o1-aGCDvxyBewBPzs/getUpdates "HTTP/1.1 200 OK"
2025-11-12 16:28:59,080 - httpx - INFO - HTTP Request: POST https://api.telegram.org/bot8256938264:AAEWUXcLyTUTpQp8h2o1-aGCDvxyBewBPzs/getUpdates "HTTP/1.1 200 OK"
2025-11-12 16:28:59,576 - httpx - INFO - HTTP Request: POST https://api.telegram.org/bot8256938264:AAEWUXcLyTUTpQp8h2o1-aGCDvxyBewBPzs/sendMessage "HTTP/1.1 200 OK"
2025-11-12 16:29:00,833 - httpx - INFO - HTTP Request: POST https://api.telegram.org/bot8256938264:AAEWUXcLyTUTpQp8h2o1-aGCDvxyBewBPzs/getUpdates "HTTP/1.1 200 OK"
2025-11-12 16:29:00,949 - httpx - INFO - HTTP Request: POST https://api.telegram.org/bot8256938264:AAEWUXcLyTUTpQp8h2o1-aGCDvxyBewBPzs/answerCallbackQuery "HTTP/1.1 200 OK"
2025-11-12 16:29:01,085 - httpx - INFO - HTTP Request: POST https://api.telegram.org/bot8256938264:AAEWUXcLyTUTpQp8h2o1-aGCDvxyBewBPzs/editMessageText "HTTP/1.1 200 OK"
2025-11-12 16:29:02,463 - httpx - INFO - HTTP Request: POST https://api.telegram.org/bot8256938264:AAEWUXcLyTUTpQp8h2o1-aGCDvxyBewBPzs/getUpdates "HTTP/1.1 200 OK"
2025-11-12 16:29:02,588 - httpx - INFO - HTTP Request: POST https://api.telegram.org/bot8256938264:AAEWUXcLyTUTpQp8h2o1-aGCDvxyBewBPzs/answerCallbackQuery "HTTP/1.1 200 OK"
2025-11-12 16:29:02,719 - httpx - INFO - HTTP Request: POST https://api.telegram.org/bot8256938264:AAEWUXcLyTUTpQp8h2o1-aGCDvxyBewBPzs/answerCallbackQuery "HTTP/1.1 200 OK"
2025-11-12 16:29:02,897 - httpx - INFO - HTTP Request: POST https://api.telegram.org/bot8256938264:AAEWUXcLyTUTpQp8h2o1-aGCDvxyBewBPzs/editMessageText "HTTP/1.1 200 OK"
2025-11-12 16:29:04,584 - httpx - INFO - HTTP Request: POST https://api.telegram.org/bot8256938264:AAEWUXcLyTUTpQp8h2o1-aGCDvxyBewBPzs/getUpdates "HTTP/1.1 200 OK"
2025-11-12 16:29:04,705 - httpx - INFO - HTTP Request: POST https://api.telegram.org/bot8256938264:AAEWUXcLyTUTpQp8h2o1-aGCDvxyBewBPzs/answerCallbackQuery "HTTP/1.1 200 OK"
2025-11-12 16:29:04,866 - httpx - INFO - HTTP Request: POST https://api.telegram.org/bot8256938264:AAEWUXcLyTUTpQp8h2o1-aGCDvxyBewBPzs/editMessageText "HTTP/1.1 200 OK"
2025-11-12 16:29:06,726 - httpx - INFO - HTTP Request: POST https://api.telegram.org/bot8256938264:AAEWUXcLyTUTpQp8h2o1-aGCDvxyBewBPzs/getUpdates "HTTP/1.1 200 OK"
2025-11-12 16:29:06,988 - httpx - INFO - HTTP Request: POST https://api.telegram.org/bot8256938264:AAEWUXcLyTUTpQp8h2o1-aGCDvxyBewBPzs/answerCallbackQuery "HTTP/1.1 200 OK"
2025-11-12 16:29:07,219 - httpx - INFO - HTTP Request: POST https://api.telegram.org/bot8256938264:AAEWUXcLyTUTpQp8h2o1-aGCDvxyBewBPzs/editMessageText "HTTP/1.1 200 OK"
2025-11-12 16:29:08,235 - httpx - INFO - HTTP Request: POST https://api.telegram.org/bot8256938264:AAEWUXcLyTUTpQp8h2o1-aGCDvxyBewBPzs/getUpdates "HTTP/1.1 200 OK"
2025-11-12 16:29:08,326 - httpx - INFO - HTTP Request: POST https://api.telegram.org/bot8256938264:AAEWUXcLyTUTpQp8h2o1-aGCDvxyBewBPzs/answerCallbackQuery "HTTP/1.1 200 OK"
2025-11-12 16:29:08,428 - httpx - INFO - HTTP Request: POST https://api.telegram.org/bot8256938264:AAEWUXcLyTUTpQp8h2o1-aGCDvxyBewBPzs/editMessageText "HTTP/1.1 200 OK"
2025-11-12 16:29:09,406 - httpx - INFO - HTTP Request: POST https://api.telegram.org/bot8256938264:AAEWUXcLyTUTpQp8h2o1-aGCDvxyBewBPzs/getUpdates "HTTP/1.1 200 OK"
2025-11-12 16:29:09,496 - httpx - INFO - HTTP Request: POST https://api.telegram.org/bot8256938264:AAEWUXcLyTUTpQp8h2o1-aGCDvxyBewBPzs/answerCallbackQuery "HTTP/1.1 200 OK"
2025-11-12 16:29:09,587 - httpx - INFO - HTTP Request: POST https://api.telegram.org/bot8256938264:AAEWUXcLyTUTpQp8h2o1-aGCDvxyBewBPzs/answerCallbackQuery "HTTP/1.1 200 OK"
2025-11-12 16:29:09,689 - httpx - INFO - HTTP Request: POST https://api.telegram.org/bot8256938264:AAEWUXcLyTUTpQp8h2o1-aGCDvxyBewBPzs/editMessageText "HTTP/1.1 200 OK"
2025-11-12 16:29:10,576 - httpx - INFO - HTTP Request: POST https://api.telegram.org/bot8256938264:AAEWUXcLyTUTpQp8h2o1-aGCDvxyBewBPzs/getUpdates "HTTP/1.1 200 OK"
2025-11-12 16:29:10,671 - httpx - INFO - HTTP Request: POST https://api.telegram.org/bot8256938264:AAEWUXcLyTUTpQp8h2o1-aGCDvxyBewBPzs/answerCallbackQuery "HTTP/1.1 200 OK"
2025-11-12 16:29:10,780 - httpx - INFO - HTTP Request: POST https://api.telegram.org/bot8256938264:AAEWUXcLyTUTpQp8h2o1-aGCDvxyBewBPzs/editMessageText "HTTP/1.1 200 OK"
2025-11-12 16:29:11,777 - httpx - INFO - HTTP Request: POST https://api.telegram.org/bot8256938264:AAEWUXcLyTUTpQp8h2o1-aGCDvxyBewBPzs/getUpdates "HTTP/1.1 200 OK"
2025-11-12 16:29:11,944 - httpx - INFO - HTTP Request: POST https://api.telegram.org/bot8256938264:AAEWUXcLyTUTpQp8h2o1-aGCDvxyBewBPzs/answerCallbackQuery "HTTP/1.1 200 OK"
2025-11-12 16:29:12,080 - httpx - INFO - HTTP Request: POST https://api.telegram.org/bot8256938264:AAEWUXcLyTUTpQp8h2o1-aGCDvxyBewBPzs/editMessageText "HTTP/1.1 200 OK"
2025-11-12 16:29:13,043 - httpx - INFO - HTTP Request: POST https://api.telegram.org/bot8256938264:AAEWUXcLyTUTpQp8h2o1-aGCDvxyBewBPzs/getUpdates "HTTP/1.1 200 OK"
2025-11-12 16:29:13,137 - httpx - INFO - HTTP Request: POST https://api.telegram.org/bot8256938264:AAEWUXcLyTUTpQp8h2o1-aGCDvxyBewBPzs/answerCallbackQuery "HTTP/1.1 200 OK"
2025-11-12 16:29:13,237 - httpx - INFO - HTTP Request: POST https://api.telegram.org/bot8256938264:AAEWUXcLyTUTpQp8h2o1-aGCDvxyBewBPzs/editMessageText "HTTP/1.1 200 OK"
2025-11-12 16:29:16,841 - httpx - INFO - HTTP Request: POST https://api.telegram.org/bot8256938264:AAEWUXcLyTUTpQp8h2o1-aGCDvxyBewBPzs/getUpdates "HTTP/1.1 200 OK"
2025-11-12 16:29:16,948 - httpx - INFO - HTTP Request: POST https://api.telegram.org/bot8256938264:AAEWUXcLyTUTpQp8h2o1-aGCDvxyBewBPzs/sendMessage "HTTP/1.1 200 OK"
2025-11-12 16:29:18,234 - httpx - INFO - HTTP Request: POST https://api.telegram.org/bot8256938264:AAEWUXcLyTUTpQp8h2o1-aGCDvxyBewBPzs/getUpdates "HTTP/1.1 200 OK"
2025-11-12 16:29:18,251 - database - INFO - Добавлено материалов сотруднику ID 2: ВОЛС +0.0м, Витая пара +0.0м
2025-11-12 16:29:18,468 - httpx - INFO - HTTP Request: POST https://api.telegram.org/bot8256938264:AAEWUXcLyTUTpQp8h2o1-aGCDvxyBewBPzs/sendMessage "HTTP/1.1 200 OK"
2025-11-12 16:29:26,586 - httpx - INFO - HTTP Request: POST https://api.telegram.org/bot8256938264:AAEWUXcLyTUTpQp8h2o1-aGCDvxyBewBPzs/getUpdates "HTTP/1.1 200 OK"
2025-11-12 16:29:26,871 - httpx - INFO - HTTP Request: POST https://api.telegram.org/bot8256938264:AAEWUXcLyTUTpQp8h2o1-aGCDvxyBewBPzs/sendMessage "HTTP/1.1 200 OK"
2025-11-12 16:29:36,676 - httpx - INFO - HTTP Request: POST https://api.telegram.org/bot8256938264:AAEWUXcLyTUTpQp8h2o1-aGCDvxyBewBPzs/getUpdates "HTTP/1.1 200 OK"
2025-11-12 16:29:46,759 - httpx - INFO - HTTP Request: POST https://api.telegram.org/bot8256938264:AAEWUXcLyTUTpQp8h2o1-aGCDvxyBewBPzs/getUpdates "HTTP/1.1 200 OK"
2025-11-12 16:29:56,837 - httpx - INFO - HTTP Request: POST https://api.telegram.org/bot8256938264:AAEWUXcLyTUTpQp8h2o1-aGCDvxyBewBPzs/getUpdates "HTTP/1.1 200 OK"
2025-11-12 16:30:07,089 - httpx - INFO - HTTP Request: POST https://api.telegram.org/bot8256938264:AAEWUXcLyTUTpQp8h2o1-aGCDvxyBewBPzs/getUpdates "HTTP/1.1 200 OK"
2025-11-12 16:30:17,167 - httpx - INFO - HTTP Request: POST https://api.telegram.org/bot8256938264:AAEWUXcLyTUTpQp8h2o1-aGCDvxyBewBPzs/getUpdates "HTTP/1.1 200 OK"
2025-11-12 16:30:27,260 - httpx - INFO - HTTP Request: POST https://api.telegram.org/bot8256938264:AAEWUXcLyTUTpQp8h2o1-aGCDvxyBewBPzs/getUpdates "HTTP/1.1 200 OK"
2025-11-12 16:30:37,339 - httpx - INFO - HTTP Request: POST https://api.telegram.org/bot8256938264:AAEWUXcLyTUTpQp8h2o1-aGCDvxyBewBPzs/getUpdates "HTTP/1.1 200 OK"
2025-11-12 16:30:47,422 - httpx - INFO - HTTP Request: POST https://api.telegram.org/bot8256938264:AAEWUXcLyTUTpQp8h2o1-aGCDvxyBewBPzs/getUpdates "HTTP/1.1 200 OK"
2025-11-12 16:30:57,544 - httpx - INFO - HTTP Request: POST https://api.telegram.org/bot8256938264:AAEWUXcLyTUTpQp8h2o1-aGCDvxyBewBPzs/getUpdates "HTTP/1.1 200 OK"
2025-11-12 16:31:07,714 - httpx - INFO - HTTP Request: POST https://api.telegram.org/bot8256938264:AAEWUXcLyTUTpQp8h2o1-aGCDvxyBewBPzs/getUpdates "HTTP/1.1 200 OK"
2025-11-12 16:31:17,786 - httpx - INFO - HTTP Request: POST https://api.telegram.org/bot8256938264:AAEWUXcLyTUTpQp8h2o1-aGCDvxyBewBPzs/getUpdates "HTTP/1.1 200 OK"
2025-11-12 16:31:27,862 - httpx - INFO - HTTP Request: POST https://api.telegram.org/bot8256938264:AAEWUXcLyTUTpQp8h2o1-aGCDvxyBewBPzs/getUpdates "HTTP/1.1 200 OK"
2025-11-12 16:31:37,939 - httpx - INFO - HTTP Request: POST https://api.telegram.org/bot8256938264:AAEWUXcLyTUTpQp8h2o1-aGCDvxyBewBPzs/getUpdates "HTTP/1.1 200 OK"
2025-11-12 16:31:48,068 - httpx - INFO - HTTP Request: POST https://api.telegram.org/bot8256938264:AAEWUXcLyTUTpQp8h2o1-aGCDvxyBewBPzs/getUpdates "HTTP/1.1 200 OK"
2025-11-12 16:31:58,147 - httpx - INFO - HTTP Request: POST https://api.telegram.org/bot8256938264:AAEWUXcLyTUTpQp8h2o1-aGCDvxyBewBPzs/getUpdates "HTTP/1.1 200 OK"
2025-11-12 16:32:08,241 - httpx - INFO - HTTP Request: POST https://api.telegram.org/bot8256938264:AAEWUXcLyTUTpQp8h2o1-aGCDvxyBewBPzs/getUpdates "HTTP/1.1 200 OK"
2025-11-12 16:32:18,338 - httpx - INFO - HTTP Request: POST https://api.telegram.org/bot8256938264:AAEWUXcLyTUTpQp8h2o1-aGCDvxyBewBPzs/getUpdates "HTTP/1.1 200 OK"
2025-11-12 16:32:28,560 - httpx - INFO - HTTP Request: POST https://api.telegram.org/bot8256938264:AAEWUXcLyTUTpQp8h2o1-aGCDvxyBewBPzs/getUpdates "HTTP/1.1 200 OK"
2025-11-12 16:32:38,663 - httpx - INFO - HTTP Request: POST https://api.telegram.org/bot8256938264:AAEWUXcLyTUTpQp8h2o1-aGCDvxyBewBPzs/getUpdates "HTTP/1.1 200 OK"
2025-11-12 16:32:48,914 - httpx - INFO - HTTP Request: POST https://api.telegram.org/bot8256938264:AAEWUXcLyTUTpQp8h2o1-aGCDvxyBewBPzs/getUpdates "HTTP/1.1 200 OK"
2025-11-12 16:32:59,196 - httpx - INFO - HTTP Request: POST https://api.telegram.org/bot8256938264:AAEWUXcLyTUTpQp8h2o1-aGCDvxyBewBPzs/getUpdates "HTTP/1.1 200 OK"
2025-11-12 16:33:09,301 - httpx - INFO - HTTP Request: POST https://api.telegram.org/bot8256938264:AAEWUXcLyTUTpQp8h2o1-aGCDvxyBewBPzs/getUpdates "HTTP/1.1 200 OK"
2025-11-12 16:33:19,383 - httpx - INFO - HTTP Request: POST https://api.telegram.org/bot8256938264:AAEWUXcLyTUTpQp8h2o1-aGCDvxyBewBPzs/getUpdates "HTTP/1.1 200 OK"
2025-11-12 16:33:29,469 - httpx - INFO - HTTP Request: POST https://api.telegram.org/bot8256938264:AAEWUXcLyTUTpQp8h2o1-aGCDvxyBewBPzs/getUpdates "HTTP/1.1 200 OK"
2025-11-12 16:33:39,557 - httpx - INFO - HTTP Request: POST https://api.telegram.org/bot8256938264:AAEWUXcLyTUTpQp8h2o1-aGCDvxyBewBPzs/getUpdates "HTTP/1.1 200 OK"
2025-11-12 16:33:49,745 - httpx - INFO - HTTP Request: POST https://api.telegram.org/bot8256938264:AAEWUXcLyTUTpQp8h2o1-aGCDvxyBewBPzs/getUpdates "HTTP/1.1 200 OK"
2025-11-12 16:34:00,095 - httpx - INFO - HTTP Request: POST https://api.telegram.org/bot8256938264:AAEWUXcLyTUTpQp8h2o1-aGCDvxyBewBPzs/getUpdates "HTTP/1.1 200 OK"
2025-11-12 16:34:10,213 - httpx - INFO - HTTP Request: POST https://api.telegram.org/bot8256938264:AAEWUXcLyTUTpQp8h2o1-aGCDvxyBewBPzs/getUpdates "HTTP/1.1 200 OK"
2025-11-12 16:34:20,298 - httpx - INFO - HTTP Request: POST https://api.telegram.org/bot8256938264:AAEWUXcLyTUTpQp8h2o1-aGCDvxyBewBPzs/getUpdates "HTTP/1.1 200 OK"
2025-11-12 16:34:30,378 - httpx - INFO - HTTP Request: POST https://api.telegram.org/bot8256938264:AAEWUXcLyTUTpQp8h2o1-aGCDvxyBewBPzs/getUpdates "HTTP/1.1 200 OK"
2025-11-12 16:34:40,457 - httpx - INFO - HTTP Request: POST https://api.telegram.org/bot8256938264:AAEWUXcLyTUTpQp8h2o1-aGCDvxyBewBPzs/getUpdates "HTTP/1.1 200 OK"
2025-11-12 16:34:51,030 - httpx - INFO - HTTP Request: POST https://api.telegram.org/bot8256938264:AAEWUXcLyTUTpQp8h2o1-aGCDvxyBewBPzs/getUpdates "HTTP/1.1 200 OK"
2025-11-12 16:35:01,123 - httpx - INFO - HTTP Request: POST https://api.telegram.org/bot8256938264:AAEWUXcLyTUTpQp8h2o1-aGCDvxyBewBPzs/getUpdates "HTTP/1.1 200 OK"
2025-11-12 16:35:11,259 - httpx - INFO - HTTP Request: POST https://api.telegram.org/bot8256938264:AAEWUXcLyTUTpQp8h2o1-aGCDvxyBewBPzs/getUpdates "HTTP/1.1 200 OK"
2025-11-12 16:35:21,491 - httpx - INFO - HTTP Request: POST https://api.telegram.org/bot8256938264:AAEWUXcLyTUTpQp8h2o1-aGCDvxyBewBPzs/getUpdates "HTTP/1.1 200 OK"
2025-11-12 16:35:31,584 - httpx - INFO - HTTP Request: POST https://api.telegram.org/bot8256938264:AAEWUXcLyTUTpQp8h2o1-aGCDvxyBewBPzs/getUpdates "HTTP/1.1 200 OK"
2025-11-12 16:35:41,767 - httpx - INFO - HTTP Request: POST https://api.telegram.org/bot8256938264:AAEWUXcLyTUTpQp8h2o1-aGCDvxyBewBPzs/getUpdates "HTTP/1.1 200 OK"
2025-11-12 16:35:51,850 - httpx - INFO - HTTP Request: POST https://api.telegram.org/bot8256938264:AAEWUXcLyTUTpQp8h2o1-aGCDvxyBewBPzs/getUpdates "HTTP/1.1 200 OK"
2025-11-12 16:36:01,931 - httpx - INFO - HTTP Request: POST https://api.telegram.org/bot8256938264:AAEWUXcLyTUTpQp8h2o1-aGCDvxyBewBPzs/getUpdates "HTTP/1.1 200 OK"
2025-11-12 16:36:12,013 - httpx - INFO - HTTP Request: POST https://api.telegram.org/bot8256938264:AAEWUXcLyTUTpQp8h2o1-aGCDvxyBewBPzs/getUpdates "HTTP/1.1 200 OK"
2025-11-12 16:36:22,094 - httpx - INFO - HTTP Request: POST https://api.telegram.org/bot8256938264:AAEWUXcLyTUTpQp8h2o1-aGCDvxyBewBPzs/getUpdates "HTTP/1.1 200 OK"
2025-11-12 16:36:32,173 - httpx - INFO - HTTP Request: POST https://api.telegram.org/bot8256938264:AAEWUXcLyTUTpQp8h2o1-aGCDvxyBewBPzs/getUpdates "HTTP/1.1 200 OK"
2025-11-12 16:36:42,288 - httpx - INFO - HTTP Request: POST https://api.telegram.org/bot8256938264:AAEWUXcLyTUTpQp8h2o1-aGCDvxyBewBPzs/getUpdates "HTTP/1.1 200 OK"
2025-11-12 16:36:52,371 - httpx - INFO - HTTP Request: POST https://api.telegram.org/bot8256938264:AAEWUXcLyTUTpQp8h2o1-aGCDvxyBewBPzs/getUpdates "HTTP/1.1 200 OK"
2025-11-12 16:37:02,455 - httpx - INFO - HTTP Request: POST https://api.telegram.org/bot8256938264:AAEWUXcLyTUTpQp8h2o1-aGCDvxyBewBPzs/getUpdates "HTTP/1.1 200 OK"
2025-11-12 16:37:12,535 - httpx - INFO - HTTP Request: POST https://api.telegram.org/bot8256938264:AAEWUXcLyTUTpQp8h2o1-aGCDvxyBewBPzs/getUpdates "HTTP/1.1 200 OK"
2025-11-12 16:37:22,610 - httpx - INFO - HTTP Request: POST https://api.telegram.org/bot8256938264:AAEWUXcLyTUTpQp8h2o1-aGCDvxyBewBPzs/getUpdates "HTTP/1.1 200 OK"
2025-11-12 16:37:32,732 - httpx - INFO - HTTP Request: POST https://api.telegram.org/bot8256938264:AAEWUXcLyTUTpQp8h2o1-aGCDvxyBewBPzs/getUpdates "HTTP/1.1 200 OK"
2025-11-12 16:37:42,815 - httpx - INFO - HTTP Request: POST https://api.telegram.org/bot8256938264:AAEWUXcLyTUTpQp8h2o1-aGCDvxyBewBPzs/getUpdates "HTTP/1.1 200 OK"
2025-11-12 16:37:52,890 - httpx - INFO - HTTP Request: POST https://api.telegram.org/bot8256938264:AAEWUXcLyTUTpQp8h2o1-aGCDvxyBewBPzs/getUpdates "HTTP/1.1 200 OK"
2025-11-12 16:38:02,967 - httpx - INFO - HTTP Request: POST https://api.telegram.org/bot8256938264:AAEWUXcLyTUTpQp8h2o1-aGCDvxyBewBPzs/getUpdates "HTTP/1.1 200 OK"
2025-11-12 16:38:13,049 - httpx - INFO - HTTP Request: POST https://api.telegram.org/bot8256938264:AAEWUXcLyTUTpQp8h2o1-aGCDvxyBewBPzs/getUpdates "HTTP/1.1 200 OK"
2025-11-12 16:38:23,130 - httpx - INFO - HTTP Request: POST https://api.telegram.org/bot8256938264:AAEWUXcLyTUTpQp8h2o1-aGCDvxyBewBPzs/getUpdates "HTTP/1.1 200 OK"
2025-11-12 16:38:33,209 - httpx - INFO - HTTP Request: POST https://api.telegram.org/bot8256938264:AAEWUXcLyTUTpQp8h2o1-aGCDvxyBewBPzs/getUpdates "HTTP/1.1 200 OK"
2025-11-12 16:38:43,284 - httpx - INFO - HTTP Request: POST https://api.telegram.org/bot8256938264:AAEWUXcLyTUTpQp8h2o1-aGCDvxyBewBPzs/getUpdates "HTTP/1.1 200 OK"
2025-11-12 16:38:53,359 - httpx - INFO - HTTP Request: POST https://api.telegram.org/bot8256938264:AAEWUXcLyTUTpQp8h2o1-aGCDvxyBewBPzs/getUpdates "HTTP/1.1 200 OK"
2025-11-12 16:39:03,464 - httpx - INFO - HTTP Request: POST https://api.telegram.org/bot8256938264:AAEWUXcLyTUTpQp8h2o1-aGCDvxyBewBPzs/getUpdates "HTTP/1.1 200 OK"
2025-11-12 16:39:13,539 - httpx - INFO - HTTP Request: POST https://api.telegram.org/bot8256938264:AAEWUXcLyTUTpQp8h2o1-aGCDvxyBewBPzs/getUpdates "HTTP/1.1 200 OK"
2025-11-12 16:39:23,718 - httpx - INFO - HTTP Request: POST https://api.telegram.org/bot8256938264:AAEWUXcLyTUTpQp8h2o1-aGCDvxyBewBPzs/getUpdates "HTTP/1.1 200 OK"
2025-11-12 16:39:33,796 - httpx - INFO - HTTP Request: POST https://api.telegram.org/bot8256938264:AAEWUXcLyTUTpQp8h2o1-aGCDvxyBewBPzs/getUpdates "HTTP/1.1 200 OK"
2025-11-12 16:39:43,879 - httpx - INFO - HTTP Request: POST https://api.telegram.org/bot8256938264:AAEWUXcLyTUTpQp8h2o1-aGCDvxyBewBPzs/getUpdates "HTTP/1.1 200 OK"
2025-11-12 16:39:53,954 - httpx - INFO - HTTP Request: POST https://api.telegram.org/bot8256938264:AAEWUXcLyTUTpQp8h2o1-aGCDvxyBewBPzs/getUpdates "HTTP/1.1 200 OK"
2025-11-12 16:40:04,030 - httpx - INFO - HTTP Request: POST https://api.telegram.org/bot8256938264:AAEWUXcLyTUTpQp8h2o1-aGCDvxyBewBPzs/getUpdates "HTTP/1.1 200 OK"
2025-11-12 16:40:14,407 - httpx - INFO - HTTP Request: POST https://api.telegram.org/bot8256938264:AAEWUXcLyTUTpQp8h2o1-aGCDvxyBewBPzs/getUpdates "HTTP/1.1 200 OK"
2025-11-12 16:40:24,621 - httpx - INFO - HTTP Request: POST https://api.telegram.org/bot8256938264:AAEWUXcLyTUTpQp8h2o1-aGCDvxyBewBPzs/getUpdates "HTTP/1.1 200 OK"
2025-11-12 16:40:34,743 - httpx - INFO - HTTP Request: POST https://api.telegram.org/bot8256938264:AAEWUXcLyTUTpQp8h2o1-aGCDvxyBewBPzs/getUpdates "HTTP/1.1 200 OK"
2025-11-12 16:40:44,826 - httpx - INFO - HTTP Request: POST https://api.telegram.org/bot8256938264:AAEWUXcLyTUTpQp8h2o1-aGCDvxyBewBPzs/getUpdates "HTTP/1.1 200 OK"
2025-11-12 16:40:54,983 - httpx - INFO - HTTP Request: POST https://api.telegram.org/bot8256938264:AAEWUXcLyTUTpQp8h2o1-aGCDvxyBewBPzs/getUpdates "HTTP/1.1 200 OK"
2025-11-12 16:41:05,104 - httpx - INFO - HTTP Request: POST https://api.telegram.org/bot8256938264:AAEWUXcLyTUTpQp8h2o1-aGCDvxyBewBPzs/getUpdates "HTTP/1.1 200 OK"
2025-11-12 16:41:15,183 - httpx - INFO - HTTP Request: POST https://api.telegram.org/bot8256938264:AAEWUXcLyTUTpQp8h2o1-aGCDvxyBewBPzs/getUpdates "HTTP/1.1 200 OK"
2025-11-12 16:41:25,300 - httpx - INFO - HTTP Request: POST https://api.telegram.org/bot8256938264:AAEWUXcLyTUTpQp8h2o1-aGCDvxyBewBPzs/getUpdates "HTTP/1.1 200 OK"
2025-11-12 16:41:35,500 - httpx - INFO - HTTP Request: POST https://api.telegram.org/bot8256938264:AAEWUXcLyTUTpQp8h2o1-aGCDvxyBewBPzs/getUpdates "HTTP/1.1 200 OK"
2025-11-12 16:41:45,582 - httpx - INFO - HTTP Request: POST https://api.telegram.org/bot8256938264:AAEWUXcLyTUTpQp8h2o1-aGCDvxyBewBPzs/getUpdates "HTTP/1.1 200 OK"
2025-11-12 16:41:55,668 - httpx - INFO - HTTP Request: POST https://api.telegram.org/bot8256938264:AAEWUXcLyTUTpQp8h2o1-aGCDvxyBewBPzs/getUpdates "HTTP/1.1 200 OK"
2025-11-12 16:42:05,964 - httpx - INFO - HTTP Request: POST https://api.telegram.org/bot8256938264:AAEWUXcLyTUTpQp8h2o1-aGCDvxyBewBPzs/getUpdates "HTTP/1.1 200 OK"
2025-11-12 16:42:16,069 - httpx - INFO - HTTP Request: POST https://api.telegram.org/bot8256938264:AAEWUXcLyTUTpQp8h2o1-aGCDvxyBewBPzs/getUpdates "HTTP/1.1 200 OK"
2025-11-12 16:42:26,159 - httpx - INFO - HTTP Request: POST https://api.telegram.org/bot8256938264:AAEWUXcLyTUTpQp8h2o1-aGCDvxyBewBPzs/getUpdates "HTTP/1.1 200 OK"
2025-11-12 16:42:36,249 - httpx - INFO - HTTP Request: POST https://api.telegram.org/bot8256938264:AAEWUXcLyTUTpQp8h2o1-aGCDvxyBewBPzs/getUpdates "HTTP/1.1 200 OK"
2025-11-12 16:42:46,404 - httpx - INFO - HTTP Request: POST https://api.telegram.org/bot8256938264:AAEWUXcLyTUTpQp8h2o1-aGCDvxyBewBPzs/getUpdates "HTTP/1.1 200 OK"
2025-11-12 16:42:56,518 - httpx - INFO - HTTP Request: POST https://api.telegram.org/bot8256938264:AAEWUXcLyTUTpQp8h2o1-aGCDvxyBewBPzs/getUpdates "HTTP/1.1 200 OK"
2025-11-12 16:43:06,650 - httpx - INFO - HTTP Request: POST https://api.telegram.org/bot8256938264:AAEWUXcLyTUTpQp8h2o1-aGCDvxyBewBPzs/getUpdates "HTTP/1.1 200 OK"
2025-11-12 16:43:16,741 - httpx - INFO - HTTP Request: POST https://api.telegram.org/bot8256938264:AAEWUXcLyTUTpQp8h2o1-aGCDvxyBewBPzs/getUpdates "HTTP/1.1 200 OK"
2025-11-12 16:43:26,834 - httpx - INFO - HTTP Request: POST https://api.telegram.org/bot8256938264:AAEWUXcLyTUTpQp8h2o1-aGCDvxyBewBPzs/getUpdates "HTTP/1.1 200 OK"
2025-11-12 16:43:36,927 - httpx - INFO - HTTP Request: POST https://api.telegram.org/bot8256938264:AAEWUXcLyTUTpQp8h2o1-aGCDvxyBewBPzs/getUpdates "HTTP/1.1 200 OK"
2025-11-12 16:43:47,030 - httpx - INFO - HTTP Request: POST https://api.telegram.org/bot8256938264:AAEWUXcLyTUTpQp8h2o1-aGCDvxyBewBPzs/getUpdates "HTTP/1.1 200 OK"
2025-11-12 16:43:57,118 - httpx - INFO - HTTP Request: POST https://api.telegram.org/bot8256938264:AAEWUXcLyTUTpQp8h2o1-aGCDvxyBewBPzs/getUpdates "HTTP/1.1 200 OK"
2025-11-12 16:44:07,209 - httpx - INFO - HTTP Request: POST https://api.telegram.org/bot8256938264:AAEWUXcLyTUTpQp8h2o1-aGCDvxyBewBPzs/getUpdates "HTTP/1.1 200 OK"
2025-11-12 16:44:17,377 - httpx - INFO - HTTP Request: POST https://api.telegram.org/bot8256938264:AAEWUXcLyTUTpQp8h2o1-aGCDvxyBewBPzs/getUpdates "HTTP/1.1 200 OK"
2025-11-12 16:44:27,461 - httpx - INFO - HTTP Request: POST https://api.telegram.org/bot8256938264:AAEWUXcLyTUTpQp8h2o1-aGCDvxyBewBPzs/getUpdates "HTTP/1.1 200 OK"
2025-11-12 16:44:37,541 - httpx - INFO - HTTP Request: POST https://api.telegram.org/bot8256938264:AAEWUXcLyTUTpQp8h2o1-aGCDvxyBewBPzs/getUpdates "HTTP/1.1 200 OK"
2025-11-12 16:44:47,646 - httpx - INFO - HTTP Request: POST https://api.telegram.org/bot8256938264:AAEWUXcLyTUTpQp8h2o1-aGCDvxyBewBPzs/getUpdates "HTTP/1.1 200 OK"
2025-11-12 16:44:57,725 - httpx - INFO - HTTP Request: POST https://api.telegram.org/bot8256938264:AAEWUXcLyTUTpQp8h2o1-aGCDvxyBewBPzs/getUpdates "HTTP/1.1 200 OK"
2025-11-12 16:45:07,803 - httpx - INFO - HTTP Request: POST https://api.telegram.org/bot8256938264:AAEWUXcLyTUTpQp8h2o1-aGCDvxyBewBPzs/getUpdates "HTTP/1.1 200 OK"
2025-11-12 16:45:17,878 - httpx - INFO - HTTP Request: POST https://api.telegram.org/bot8256938264:AAEWUXcLyTUTpQp8h2o1-aGCDvxyBewBPzs/getUpdates "HTTP/1.1 200 OK"
2025-11-12 16:45:27,956 - httpx - INFO - HTTP Request: POST https://api.telegram.org/bot8256938264:AAEWUXcLyTUTpQp8h2o1-aGCDvxyBewBPzs/getUpdates "HTTP/1.1 200 OK"
2025-11-12 16:45:38,037 - httpx - INFO - HTTP Request: POST https://api.telegram.org/bot8256938264:AAEWUXcLyTUTpQp8h2o1-aGCDvxyBewBPzs/getUpdates "HTTP/1.1 200 OK"
2025-11-12 16:45:48,338 - httpx - INFO - HTTP Request: POST https://api.telegram.org/bot8256938264:AAEWUXcLyTUTpQp8h2o1-aGCDvxyBewBPzs/getUpdates "HTTP/1.1 200 OK"
2025-11-12 16:45:58,460 - httpx - INFO - HTTP Request: POST https://api.telegram.org/bot8256938264:AAEWUXcLyTUTpQp8h2o1-aGCDvxyBewBPzs/getUpdates "HTTP/1.1 200 OK"
2025-11-12 16:46:08,541 - httpx - INFO - HTTP Request: POST https://api.telegram.org/bot8256938264:AAEWUXcLyTUTpQp8h2o1-aGCDvxyBewBPzs/getUpdates "HTTP/1.1 200 OK"
2025-11-12 16:46:18,620 - httpx - INFO - HTTP Request: POST https://api.telegram.org/bot8256938264:AAEWUXcLyTUTpQp8h2o1-aGCDvxyBewBPzs/getUpdates "HTTP/1.1 200 OK"
2025-11-12 16:46:28,958 - httpx - INFO - HTTP Request: POST https://api.telegram.org/bot8256938264:AAEWUXcLyTUTpQp8h2o1-aGCDvxyBewBPzs/getUpdates "HTTP/1.1 200 OK"
2025-11-12 16:46:39,038 - httpx - INFO - HTTP Request: POST https://api.telegram.org/bot8256938264:AAEWUXcLyTUTpQp8h2o1-aGCDvxyBewBPzs/getUpdates "HTTP/1.1 200 OK"
2025-11-12 16:46:49,185 - httpx - INFO - HTTP Request: POST https://api.telegram.org/bot8256938264:AAEWUXcLyTUTpQp8h2o1-aGCDvxyBewBPzs/getUpdates "HTTP/1.1 200 OK"
2025-11-12 16:46:59,290 - httpx - INFO - HTTP Request: POST https://api.telegram.org/bot8256938264:AAEWUXcLyTUTpQp8h2o1-aGCDvxyBewBPzs/getUpdates "HTTP/1.1 200 OK"
2025-11-12 16:47:09,368 - httpx - INFO - HTTP Request: POST https://api.telegram.org/bot8256938264:AAEWUXcLyTUTpQp8h2o1-aGCDvxyBewBPzs/getUpdates "HTTP/1.1 200 OK"
2025-11-12 16:47:19,436 - httpx - INFO - HTTP Request: POST https://api.telegram.org/bot8256938264:AAEWUXcLyTUTpQp8h2o1-aGCDvxyBewBPzs/getUpdates "HTTP/1.1 200 OK"
2025-11-12 16:47:29,537 - httpx - INFO - HTTP Request: POST https://api.telegram.org/bot8256938264:AAEWUXcLyTUTpQp8h2o1-aGCDvxyBewBPzs/getUpdates "HTTP/1.1 200 OK"
2025-11-12 16:47:39,672 - httpx - INFO - HTTP Request: POST https://api.telegram.org/bot8256938264:AAEWUXcLyTUTpQp8h2o1-aGCDvxyBewBPzs/getUpdates "HTTP/1.1 200 OK"
2025-11-12 16:47:49,828 - httpx - INFO - HTTP Request: POST https://api.telegram.org/bot8256938264:AAEWUXcLyTUTpQp8h2o1-aGCDvxyBewBPzs/getUpdates "HTTP/1.1 200 OK"
2025-11-12 16:47:59,980 - httpx - INFO - HTTP Request: POST https://api.telegram.org/bot8256938264:AAEWUXcLyTUTpQp8h2o1-aGCDvxyBewBPzs/getUpdates "HTTP/1.1 200 OK"
2025-11-12 16:48:10,086 - httpx - INFO - HTTP Request: POST https://api.telegram.org/bot8256938264:AAEWUXcLyTUTpQp8h2o1-aGCDvxyBewBPzs/getUpdates "HTTP/1.1 200 OK"
2025-11-12 16:48:20,166 - httpx - INFO - HTTP Request: POST https://api.telegram.org/bot8256938264:AAEWUXcLyTUTpQp8h2o1-aGCDvxyBewBPzs/getUpdates "HTTP/1.1 200 OK"
2025-11-12 16:48:30,455 - httpx - INFO - HTTP Request: POST https://api.telegram.org/bot8256938264:AAEWUXcLyTUTpQp8h2o1-aGCDvxyBewBPzs/getUpdates "HTTP/1.1 200 OK"
2025-11-12 16:48:40,541 - httpx - INFO - HTTP Request: POST https://api.telegram.org/bot8256938264:AAEWUXcLyTUTpQp8h2o1-aGCDvxyBewBPzs/getUpdates "HTTP/1.1 200 OK"
2025-11-12 16:48:50,625 - httpx - INFO - HTTP Request: POST https://api.telegram.org/bot8256938264:AAEWUXcLyTUTpQp8h2o1-aGCDvxyBewBPzs/getUpdates "HTTP/1.1 200 OK"
2025-11-12 16:49:00,756 - httpx - INFO - HTTP Request: POST https://api.telegram.org/bot8256938264:AAEWUXcLyTUTpQp8h2o1-aGCDvxyBewBPzs/getUpdates "HTTP/1.1 200 OK"
2025-11-12 16:49:10,844 - httpx - INFO - HTTP Request: POST https://api.telegram.org/bot8256938264:AAEWUXcLyTUTpQp8h2o1-aGCDvxyBewBPzs/getUpdates "HTTP/1.1 200 OK"
2025-11-12 16:49:20,935 - httpx - INFO - HTTP Request: POST https://api.telegram.org/bot8256938264:AAEWUXcLyTUTpQp8h2o1-aGCDvxyBewBPzs/getUpdates "HTTP/1.1 200 OK"
2025-11-12 16:49:31,014 - httpx - INFO - HTTP Request: POST https://api.telegram.org/bot8256938264:AAEWUXcLyTUTpQp8h2o1-aGCDvxyBewBPzs/getUpdates "HTTP/1.1 200 OK"
2025-11-12 16:49:41,331 - httpx - INFO - HTTP Request: POST https://api.telegram.org/bot8256938264:AAEWUXcLyTUTpQp8h2o1-aGCDvxyBewBPzs/getUpdates "HTTP/1.1 200 OK"
2025-11-12 16:49:51,440 - httpx - INFO - HTTP Request: POST https://api.telegram.org/bot8256938264:AAEWUXcLyTUTpQp8h2o1-aGCDvxyBewBPzs/getUpdates "HTTP/1.1 200 OK"
2025-11-12 16:50:01,522 - httpx - INFO - HTTP Request: POST https://api.telegram.org/bot8256938264:AAEWUXcLyTUTpQp8h2o1-aGCDvxyBewBPzs/getUpdates "HTTP/1.1 200 OK"
2025-11-12 16:50:11,938 - httpx - INFO - HTTP Request: POST https://api.telegram.org/bot8256938264:AAEWUXcLyTUTpQp8h2o1-aGCDvxyBewBPzs/getUpdates "HTTP/1.1 200 OK"
2025-11-12 16:50:18,112 - httpx - INFO - HTTP Request: POST https://api.telegram.org/bot8256938264:AAEWUXcLyTUTpQp8h2o1-aGCDvxyBewBPzs/getUpdates "HTTP/1.1 200 OK"
2025-11-12 16:50:20,071 - httpx - INFO - HTTP Request: POST https://api.telegram.org/bot8256938264:AAEWUXcLyTUTpQp8h2o1-aGCDvxyBewBPzs/sendMessage "HTTP/1.1 200 OK"
2025-11-12 16:50:22,636 - httpx - INFO - HTTP Request: POST https://api.telegram.org/bot8256938264:AAEWUXcLyTUTpQp8h2o1-aGCDvxyBewBPzs/getUpdates "HTTP/1.1 200 OK"
2025-11-12 16:50:22,829 - httpx - INFO - HTTP Request: POST https://api.telegram.org/bot8256938264:AAEWUXcLyTUTpQp8h2o1-aGCDvxyBewBPzs/sendMessage "HTTP/1.1 200 OK"
2025-11-12 16:50:23,810 - httpx - INFO - HTTP Request: POST https://api.telegram.org/bot8256938264:AAEWUXcLyTUTpQp8h2o1-aGCDvxyBewBPzs/getUpdates "HTTP/1.1 200 OK"
2025-11-12 16:50:24,037 - httpx - INFO - HTTP Request: POST https://api.telegram.org/bot8256938264:AAEWUXcLyTUTpQp8h2o1-aGCDvxyBewBPzs/answerCallbackQuery "HTTP/1.1 200 OK"
2025-11-12 16:50:24,192 - httpx - INFO - HTTP Request: POST https://api.telegram.org/bot8256938264:AAEWUXcLyTUTpQp8h2o1-aGCDvxyBewBPzs/editMessageText "HTTP/1.1 200 OK"
2025-11-12 16:50:33,926 - httpx - INFO - HTTP Request: POST https://api.telegram.org/bot8256938264:AAEWUXcLyTUTpQp8h2o1-aGCDvxyBewBPzs/getUpdates "HTTP/1.1 200 OK"
2025-11-12 16:50:44,064 - httpx - INFO - HTTP Request: POST https://api.telegram.org/bot8256938264:AAEWUXcLyTUTpQp8h2o1-aGCDvxyBewBPzs/getUpdates "HTTP/1.1 200 OK"
2025-11-12 16:50:54,157 - httpx - INFO - HTTP Request: POST https://api.telegram.org/bot8256938264:AAEWUXcLyTUTpQp8h2o1-aGCDvxyBewBPzs/getUpdates "HTTP/1.1 200 OK"
2025-11-12 16:51:04,459 - httpx - INFO - HTTP Request: POST https://api.telegram.org/bot8256938264:AAEWUXcLyTUTpQp8h2o1-aGCDvxyBewBPzs/getUpdates "HTTP/1.1 200 OK"
2025-11-12 16:51:14,559 - httpx - INFO - HTTP Request: POST https://api.telegram.org/bot8256938264:AAEWUXcLyTUTpQp8h2o1-aGCDvxyBewBPzs/getUpdates "HTTP/1.1 200 OK"
2025-11-12 16:51:24,663 - httpx - INFO - HTTP Request: POST https://api.telegram.org/bot8256938264:AAEWUXcLyTUTpQp8h2o1-aGCDvxyBewBPzs/getUpdates "HTTP/1.1 200 OK"
2025-11-12 16:51:34,743 - httpx - INFO - HTTP Request: POST https://api.telegram.org/bot8256938264:AAEWUXcLyTUTpQp8h2o1-aGCDvxyBewBPzs/getUpdates "HTTP/1.1 200 OK"
2025-11-12 16:51:44,823 - httpx - INFO - HTTP Request: POST https://api.telegram.org/bot8256938264:AAEWUXcLyTUTpQp8h2o1-aGCDvxyBewBPzs/getUpdates "HTTP/1.1 200 OK"
2025-11-12 16:51:54,956 - httpx - INFO - HTTP Request: POST https://api.telegram.org/bot8256938264:AAEWUXcLyTUTpQp8h2o1-aGCDvxyBewBPzs/getUpdates "HTTP/1.1 200 OK"
2025-11-12 16:52:05,063 - httpx - INFO - HTTP Request: POST https://api.telegram.org/bot8256938264:AAEWUXcLyTUTpQp8h2o1-aGCDvxyBewBPzs/getUpdates "HTTP/1.1 200 OK"
2025-11-12 16:52:15,150 - httpx - INFO - HTTP Request: POST https://api.telegram.org/bot8256938264:AAEWUXcLyTUTpQp8h2o1-aGCDvxyBewBPzs/getUpdates "HTTP/1.1 200 OK"
2025-11-12 16:52:25,233 - httpx - INFO - HTTP Request: POST https://api.telegram.org/bot8256938264:AAEWUXcLyTUTpQp8h2o1-aGCDvxyBewBPzs/getUpdates "HTTP/1.1 200 OK"
2025-11-12 16:52:35,332 - httpx - INFO - HTTP Request: POST https://api.telegram.org/bot8256938264:AAEWUXcLyTUTpQp8h2o1-aGCDvxyBewBPzs/getUpdates "HTTP/1.1 200 OK"
2025-11-12 16:52:42,687 - httpx - INFO - HTTP Request: POST https://api.telegram.org/bot8256938264:AAEWUXcLyTUTpQp8h2o1-aGCDvxyBewBPzs/getUpdates "HTTP/1.1 200 OK"
2025-11-12 16:52:42,958 - httpx - INFO - HTTP Request: POST https://api.telegram.org/bot8256938264:AAEWUXcLyTUTpQp8h2o1-aGCDvxyBewBPzs/answerCallbackQuery "HTTP/1.1 200 OK"
2025-11-12 16:52:43,071 - httpx - INFO - HTTP Request: POST https://api.telegram.org/bot8256938264:AAEWUXcLyTUTpQp8h2o1-aGCDvxyBewBPzs/editMessageText "HTTP/1.1 200 OK"
2025-11-12 16:52:43,193 - httpx - INFO - HTTP Request: POST https://api.telegram.org/bot8256938264:AAEWUXcLyTUTpQp8h2o1-aGCDvxyBewBPzs/sendMessage "HTTP/1.1 200 OK"
2025-11-12 16:52:44,963 - httpx - INFO - HTTP Request: POST https://api.telegram.org/bot8256938264:AAEWUXcLyTUTpQp8h2o1-aGCDvxyBewBPzs/getUpdates "HTTP/1.1 200 OK"
2025-11-12 16:52:45,126 - httpx - INFO - HTTP Request: POST https://api.telegram.org/bot8256938264:AAEWUXcLyTUTpQp8h2o1-aGCDvxyBewBPzs/sendMessage "HTTP/1.1 200 OK"
2025-11-12 16:52:47,635 - httpx - INFO - HTTP Request: POST https://api.telegram.org/bot8256938264:AAEWUXcLyTUTpQp8h2o1-aGCDvxyBewBPzs/getUpdates "HTTP/1.1 200 OK"
2025-11-12 16:52:47,847 - httpx - INFO - HTTP Request: POST https://api.telegram.org/bot8256938264:AAEWUXcLyTUTpQp8h2o1-aGCDvxyBewBPzs/sendMessage "HTTP/1.1 200 OK"
2025-11-12 16:52:50,386 - httpx - INFO - HTTP Request: POST https://api.telegram.org/bot8256938264:AAEWUXcLyTUTpQp8h2o1-aGCDvxyBewBPzs/getUpdates "HTTP/1.1 200 OK"
2025-11-12 16:52:50,516 - httpx - INFO - HTTP Request: POST https://api.telegram.org/bot8256938264:AAEWUXcLyTUTpQp8h2o1-aGCDvxyBewBPzs/sendMessage "HTTP/1.1 200 OK"
2025-11-12 16:52:52,440 - httpx - INFO - HTTP Request: POST https://api.telegram.org/bot8256938264:AAEWUXcLyTUTpQp8h2o1-aGCDvxyBewBPzs/getUpdates "HTTP/1.1 200 OK"
2025-11-12 16:52:52,633 - httpx - INFO - HTTP Request: POST https://api.telegram.org/bot8256938264:AAEWUXcLyTUTpQp8h2o1-aGCDvxyBewBPzs/sendMessage "HTTP/1.1 200 OK"
2025-11-12 16:52:55,822 - httpx - INFO - HTTP Request: POST https://api.telegram.org/bot8256938264:AAEWUXcLyTUTpQp8h2o1-aGCDvxyBewBPzs/getUpdates "HTTP/1.1 200 OK"
2025-11-12 16:52:55,942 - httpx - INFO - HTTP Request: POST https://api.telegram.org/bot8256938264:AAEWUXcLyTUTpQp8h2o1-aGCDvxyBewBPzs/sendMessage "HTTP/1.1 200 OK"
2025-11-12 16:52:57,011 - httpx - INFO - HTTP Request: POST https://api.telegram.org/bot8256938264:AAEWUXcLyTUTpQp8h2o1-aGCDvxyBewBPzs/getUpdates "HTTP/1.1 200 OK"
2025-11-12 16:52:57,184 - httpx - INFO - HTTP Request: POST https://api.telegram.org/bot8256938264:AAEWUXcLyTUTpQp8h2o1-aGCDvxyBewBPzs/answerCallbackQuery "HTTP/1.1 200 OK"
2025-11-12 16:52:57,347 - httpx - INFO - HTTP Request: POST https://api.telegram.org/bot8256938264:AAEWUXcLyTUTpQp8h2o1-aGCDvxyBewBPzs/editMessageText "HTTP/1.1 200 OK"
2025-11-12 16:52:59,592 - httpx - INFO - HTTP Request: POST https://api.telegram.org/bot8256938264:AAEWUXcLyTUTpQp8h2o1-aGCDvxyBewBPzs/getUpdates "HTTP/1.1 200 OK"
2025-11-12 16:52:59,688 - httpx - INFO - HTTP Request: POST https://api.telegram.org/bot8256938264:AAEWUXcLyTUTpQp8h2o1-aGCDvxyBewBPzs/answerCallbackQuery "HTTP/1.1 200 OK"
2025-11-12 16:52:59,789 - httpx - INFO - HTTP Request: POST https://api.telegram.org/bot8256938264:AAEWUXcLyTUTpQp8h2o1-aGCDvxyBewBPzs/editMessageText "HTTP/1.1 200 OK"
2025-11-12 16:52:59,835 - report_generator - INFO - Добавлен лист 'Движение материалов' с 56 записями
2025-11-12 16:52:59,848 - report_generator - INFO - Отчет создан: report_Коннов_Тимур_А._20251112_165259.xlsx
2025-11-12 16:52:59,985 - httpx - INFO - HTTP Request: POST https://api.telegram.org/bot8256938264:AAEWUXcLyTUTpQp8h2o1-aGCDvxyBewBPzs/sendDocument "HTTP/1.1 200 OK"
2025-11-12 16:53:00,100 - httpx - INFO - HTTP Request: POST https://api.telegram.org/bot8256938264:AAEWUXcLyTUTpQp8h2o1-aGCDvxyBewBPzs/sendMessage "HTTP/1.1 200 OK"
2025-11-12 16:53:09,764 - httpx - INFO - HTTP Request: POST https://api.telegram.org/bot8256938264:AAEWUXcLyTUTpQp8h2o1-aGCDvxyBewBPzs/getUpdates "HTTP/1.1 200 OK"
2025-11-12 16:53:19,869 - httpx - INFO - HTTP Request: POST https://api.telegram.org/bot8256938264:AAEWUXcLyTUTpQp8h2o1-aGCDvxyBewBPzs/getUpdates "HTTP/1.1 200 OK"
2025-11-12 16:53:30,173 - httpx - INFO - HTTP Request: POST https://api.telegram.org/bot8256938264:AAEWUXcLyTUTpQp8h2o1-aGCDvxyBewBPzs/getUpdates "HTTP/1.1 200 OK"
2025-11-12 16:53:40,260 - httpx - INFO - HTTP Request: POST https://api.telegram.org/bot8256938264:AAEWUXcLyTUTpQp8h2o1-aGCDvxyBewBPzs/getUpdates "HTTP/1.1 200 OK"
2025-11-12 16:53:50,348 - httpx - INFO - HTTP Request: POST https://api.telegram.org/bot8256938264:AAEWUXcLyTUTpQp8h2o1-aGCDvxyBewBPzs/getUpdates "HTTP/1.1 200 OK"
2025-11-12 16:54:00,465 - httpx - INFO - HTTP Request: POST https://api.telegram.org/bot8256938264:AAEWUXcLyTUTpQp8h2o1-aGCDvxyBewBPzs/getUpdates "HTTP/1.1 200 OK"
2025-11-12 16:54:10,569 - httpx - INFO - HTTP Request: POST https://api.telegram.org/bot8256938264:AAEWUXcLyTUTpQp8h2o1-aGCDvxyBewBPzs/getUpdates "HTTP/1.1 200 OK"
2025-11-12 16:54:20,675 - httpx - INFO - HTTP Request: POST https://api.telegram.org/bot8256938264:AAEWUXcLyTUTpQp8h2o1-aGCDvxyBewBPzs/getUpdates "HTTP/1.1 200 OK"
2025-11-12 16:54:30,762 - httpx - INFO - HTTP Request: POST https://api.telegram.org/bot8256938264:AAEWUXcLyTUTpQp8h2o1-aGCDvxyBewBPzs/getUpdates "HTTP/1.1 200 OK"
2025-11-12 16:54:40,872 - httpx - INFO - HTTP Request: POST https://api.telegram.org/bot8256938264:AAEWUXcLyTUTpQp8h2o1-aGCDvxyBewBPzs/getUpdates "HTTP/1.1 200 OK"
2025-11-12 16:54:46,177 - httpx - INFO - HTTP Request: POST https://api.telegram.org/bot8256938264:AAEWUXcLyTUTpQp8h2o1-aGCDvxyBewBPzs/getUpdates "HTTP/1.1 200 OK"
2025-11-12 16:54:46,179 - telegram.ext.Application - INFO - Application is stopping. This might take a moment.
2025-11-12 16:54:46,181 - telegram.ext.Application - INFO - Application.stop() complete
